birthRegistration/build/outputs/logs/manifest-merger-debug-report.txt
-- Merging decision tree log ---
manifest
ADDED from src\main\AndroidManifest.xml:2:1-133:12
	package
		ADDED from src\main\AndroidManifest.xml:4:5-43
		INJECTED from src\main\AndroidManifest.xml
		INJECTED from src\main\AndroidManifest.xml
	android:versionName
		ADDED from src\main\AndroidManifest.xml:6:5-30
		INJECTED from src\main\AndroidManifest.xml
		INJECTED from src\main\AndroidManifest.xml
	xmlns:tools
		ADDED from src\main\AndroidManifest.xml:3:5-51
	android:versionCode
		ADDED from src\main\AndroidManifest.xml:5:5-28
		INJECTED from src\main\AndroidManifest.xml
		INJECTED from src\main\AndroidManifest.xml
	xmlns:android
		ADDED from src\main\AndroidManifest.xml:2:11-69
uses-sdk
ADDED from src\main\AndroidManifest.xml:8:5-10:41
MERGED from [BirthRegistration:sDMM_SDK:unspecified] AndroidManifest.xml:7:5-9:41
MERGED from [com.android.support:support-v4:22.1.1] AndroidManifest.xml:20:5-43
	android:targetSdkVersion
		ADDED from src\main\AndroidManifest.xml:10:9-38
		INJECTED from src\main\AndroidManifest.xml
		INJECTED from src\main\AndroidManifest.xml
	android:minSdkVersion
		ADDED from src\main\AndroidManifest.xml:9:9-35
		INJECTED from src\main\AndroidManifest.xml
		INJECTED from src\main\AndroidManifest.xml
uses-feature#android.hardware.camera
ADDED from src\main\AndroidManifest.xml:12:5-83
	android:required
		ADDED from src\main\AndroidManifest.xml:12:58-81
	android:name
		ADDED from src\main\AndroidManifest.xml:12:19-57
uses-permission#android.permission.CAMERA
ADDED from src\main\AndroidManifest.xml:13:5-65
	android:name
		ADDED from src\main\AndroidManifest.xml:13:22-62
uses-permission#android.permission.WRITE_EXTERNAL_STORAGE
ADDED from src\main\AndroidManifest.xml:14:5-81
	android:name
		ADDED from src\main\AndroidManifest.xml:14:22-78
uses-permission#android.permission.ACCESS_NETWORK_STATE
ADDED from src\main\AndroidManifest.xml:16:5-79
	android:name
		ADDED from src\main\AndroidManifest.xml:16:22-76
uses-permission#android.permission.READ_CONTACTS
ADDED from src\main\AndroidManifest.xml:17:5-72
	android:name
		ADDED from src\main\AndroidManifest.xml:17:22-69
uses-permission#android.permission.INTERNET
ADDED from src\main\AndroidManifest.xml:18:5-67
	android:name
		ADDED from src\main\AndroidManifest.xml:18:22-64
uses-permission#android.permission.READ_SYNC_SETTINGS
ADDED from src\main\AndroidManifest.xml:19:5-77
	android:name
		ADDED from src\main\AndroidManifest.xml:19:22-74
uses-permission#android.permission.WRITE_SYNC_SETTINGS
ADDED from src\main\AndroidManifest.xml:20:5-78
	android:name
		ADDED from src\main\AndroidManifest.xml:20:22-75
uses-permission#android.permission.AUTHENTICATE_ACCOUNTS
ADDED from src\main\AndroidManifest.xml:21:5-80
	android:name
		ADDED from src\main\AndroidManifest.xml:21:22-77
uses-permission#android.permission.SEND_SMS
ADDED from src\main\AndroidManifest.xml:23:5-67
MERGED from [BirthRegistration:sDMM_SDK:unspecified] AndroidManifest.xml:13:5-67
	android:name
		ADDED from src\main\AndroidManifest.xml:23:22-64
uses-permission#android.permission.RECEIVE_SMS
ADDED from src\main\AndroidManifest.xml:24:5-70
MERGED from [BirthRegistration:sDMM_SDK:unspecified] AndroidManifest.xml:11:5-70
	android:name
		ADDED from src\main\AndroidManifest.xml:24:22-67
uses-permission#com.sdmmllc.superdupersmsmanager.SEND_SMS
ADDED from src\main\AndroidManifest.xml:25:5-81
	android:name
		ADDED from src\main\AndroidManifest.xml:25:22-78
uses-permission#com.sdmmllc.superdupersmsmanager.WRITE_SMS
ADDED from src\main\AndroidManifest.xml:26:5-82
	android:name
		ADDED from src\main\AndroidManifest.xml:26:22-79
uses-permission#android.permission.READ_PHONE_STATE
ADDED from src\main\AndroidManifest.xml:27:5-75
	android:name
		ADDED from src\main\AndroidManifest.xml:27:22-72
uses-permission#android.permission.ACCESS_COARSE_LOCATION
ADDED from src\main\AndroidManifest.xml:28:5-81
	android:name
		ADDED from src\main\AndroidManifest.xml:28:22-78
uses-permission#android.permission.READ_EXTERNAL_STORAGE
ADDED from src\main\AndroidManifest.xml:29:5-31:38
	android:maxSdkVersion
		ADDED from src\main\AndroidManifest.xml:31:9-35
	android:name
		ADDED from src\main\AndroidManifest.xml:30:9-64
application
ADDED from src\main\AndroidManifest.xml:33:5-131:19
MERGED from [BirthRegistration:sDMM_SDK:unspecified] AndroidManifest.xml:17:5-30:19
MERGED from [com.android.support:support-v4:22.1.1] AndroidManifest.xml:22:5-20
	android:label
		ADDED from src\main\AndroidManifest.xml:37:9-41
	android:allowBackup
		ADDED from src\main\AndroidManifest.xml:35:9-35
	android:icon
		ADDED from src\main\AndroidManifest.xml:36:9-45
	android:theme
		ADDED from src\main\AndroidManifest.xml:38:9-40
	tools:replace
		ADDED from src\main\AndroidManifest.xml:39:9-37
	android:name
		ADDED from src\main\AndroidManifest.xml:34:9-53
		REJECTED from [BirthRegistration:sDMM_SDK:unspecified] AndroidManifest.xml:17:18-69
receiver#tz.co.rita.receivers.BirthRegistrationSmsReceiver
ADDED from src\main\AndroidManifest.xml:40:9-46:20
	android:enabled
		ADDED from src\main\AndroidManifest.xml:42:13-35
	android:name
		ADDED from src\main\AndroidManifest.xml:41:13-77
intent-filter#android.provider.Telephony.SMS_RECEIVED
ADDED from src\main\AndroidManifest.xml:43:13-45:29
	android:priority
		ADDED from src\main\AndroidManifest.xml:43:28-51
action#android.provider.Telephony.SMS_RECEIVED
ADDED from src\main\AndroidManifest.xml:44:17-82
	android:name
		ADDED from src\main\AndroidManifest.xml:44:25-79
activity#tz.co.rita.birthregistration.LoginActivity
ADDED from src\main\AndroidManifest.xml:48:9-58:20
	android:label
		ADDED from src\main\AndroidManifest.xml:50:13-45
	android:windowSoftInputMode
		ADDED from src\main\AndroidManifest.xml:52:13-55
	android:theme
		ADDED from src\main\AndroidManifest.xml:51:13-55
	android:name
		ADDED from src\main\AndroidManifest.xml:49:13-42
intent-filter#android.intent.action.MAIN+android.intent.category.LAUNCHER
ADDED from src\main\AndroidManifest.xml:53:13-57:29
action#android.intent.action.MAIN
ADDED from src\main\AndroidManifest.xml:54:17-69
	android:name
		ADDED from src\main\AndroidManifest.xml:54:25-66
category#android.intent.category.LAUNCHER
ADDED from src\main\AndroidManifest.xml:56:17-77
	android:name
		ADDED from src\main\AndroidManifest.xml:56:27-74
activity#tz.co.rita.birthregistration.DashBoardActivity
ADDED from src\main\AndroidManifest.xml:59:9-61:48
	android:label
		ADDED from src\main\AndroidManifest.xml:61:13-45
	android:name
		ADDED from src\main\AndroidManifest.xml:60:13-46
activity#tz.co.rita.birthregistration.SettingsActivity
ADDED from src\main\AndroidManifest.xml:62:9-69:20
	android:label
		ADDED from src\main\AndroidManifest.xml:64:13-45
	android:parentActivityName
		ADDED from src\main\AndroidManifest.xml:65:13-60
	android:name
		ADDED from src\main\AndroidManifest.xml:63:13-45
meta-data#android.support.PARENT_ACTIVITY
ADDED from src\main\AndroidManifest.xml:66:13-68:54
	android:value
		ADDED from src\main\AndroidManifest.xml:68:17-51
	android:name
		ADDED from src\main\AndroidManifest.xml:67:17-63
activity#tz.co.rita.birthregistration.BirthRecordActivity
ADDED from src\main\AndroidManifest.xml:70:9-78:20
	android:screenOrientation
		ADDED from src\main\AndroidManifest.xml:73:13-49
	android:label
		ADDED from src\main\AndroidManifest.xml:72:13-61
	android:parentActivityName
		ADDED from src\main\AndroidManifest.xml:74:13-60
	android:name
		ADDED from src\main\AndroidManifest.xml:71:13-48
activity#tz.co.rita.birthregistration.BirthRecordsListActivity
ADDED from src\main\AndroidManifest.xml:79:9-86:20
	android:label
		ADDED from src\main\AndroidManifest.xml:81:13-45
	android:parentActivityName
		ADDED from src\main\AndroidManifest.xml:82:13-60
	android:name
		ADDED from src\main\AndroidManifest.xml:80:13-53
provider#tz.co.rita.data.BirthRegistrationProvider
ADDED from src\main\AndroidManifest.xml:88:9-92:39
	android:authorities
		ADDED from src\main\AndroidManifest.xml:90:13-89
	android:syncable
		ADDED from src\main\AndroidManifest.xml:92:13-36
	android:exported
		ADDED from src\main\AndroidManifest.xml:91:13-37
	android:name
		ADDED from src\main\AndroidManifest.xml:89:13-69
activity#tz.co.rita.birthregistration.CreateNewUserActivity
ADDED from src\main\AndroidManifest.xml:94:9-96:48
	android:label
		ADDED from src\main\AndroidManifest.xml:96:13-45
	android:name
		ADDED from src\main\AndroidManifest.xml:95:13-50
activity#tz.co.rita.birthregistration.ChangePasswordActivity
ADDED from src\main\AndroidManifest.xml:97:9-104:20
	android:label
		ADDED from src\main\AndroidManifest.xml:99:13-45
	android:parentActivityName
		ADDED from src\main\AndroidManifest.xml:100:13-60
	android:name
		ADDED from src\main\AndroidManifest.xml:98:13-51
activity#tz.co.rita.birthregistration.ForgotPasswordActivity
ADDED from src\main\AndroidManifest.xml:105:9-107:70
	android:label
		ADDED from src\main\AndroidManifest.xml:107:13-67
	android:name
		ADDED from src\main\AndroidManifest.xml:106:13-51
activity#tz.co.rita.birthregistration.ResetPasswordActivity
ADDED from src\main\AndroidManifest.xml:108:9-110:69
	android:label
		ADDED from src\main\AndroidManifest.xml:110:13-66
	android:name
		ADDED from src\main\AndroidManifest.xml:109:13-50
service#tz.co.rita.services.PhoneStateChangeListenerService
ADDED from src\main\AndroidManifest.xml:112:9-115:40
	android:enabled
		ADDED from src\main\AndroidManifest.xml:114:13-35
	android:exported
		ADDED from src\main\AndroidManifest.xml:115:13-37
	android:name
		ADDED from src\main\AndroidManifest.xml:113:13-79
activity#tz.co.rita.birthregistration.ChartActivity
ADDED from src\main\AndroidManifest.xml:117:9-124:20
	android:label
		ADDED from src\main\AndroidManifest.xml:119:13-57
	android:parentActivityName
		ADDED from src\main\AndroidManifest.xml:120:13-60
	android:name
		ADDED from src\main\AndroidManifest.xml:118:13-42
activity#tz.co.rita.birthregistration.CameraActivity
ADDED from src\main\AndroidManifest.xml:125:9-130:20
	android:screenOrientation
		ADDED from src\main\AndroidManifest.xml:128:13-50
	android:label
		ADDED from src\main\AndroidManifest.xml:127:13-45
	android:name
		ADDED from src\main\AndroidManifest.xml:126:13-43
uses-permission#android.permission.RECEIVE_MMS
ADDED from [BirthRegistration:sDMM_SDK:unspecified] AndroidManifest.xml:12:5-70
	android:name
		ADDED from [BirthRegistration:sDMM_SDK:unspecified] AndroidManifest.xml:12:22-67
uses-permission#android.permission.READ_SMS
ADDED from [BirthRegistration:sDMM_SDK:unspecified] AndroidManifest.xml:14:5-67
	android:name
		ADDED from [BirthRegistration:sDMM_SDK:unspecified] AndroidManifest.xml:14:22-64
uses-permission#android.permission.WRITE_SMS
ADDED from [BirthRegistration:sDMM_SDK:unspecified] AndroidManifest.xml:15:5-68
	android:name
		ADDED from [BirthRegistration:sDMM_SDK:unspecified] AndroidManifest.xml:15:22-65
receiver#com.sdmmllc.superdupermm.SDSmsIntentReceiver
ADDED from [BirthRegistration:sDMM_SDK:unspecified] AndroidManifest.xml:18:9-29:20
	android:enabled
		ADDED from [BirthRegistration:sDMM_SDK:unspecified] AndroidManifest.xml:20:13-35
	android:name
		ADDED from [BirthRegistration:sDMM_SDK:unspecified] AndroidManifest.xml:19:13-72
intent-filter#android.intent.action.PACKAGE_ADDED+android.intent.action.PACKAGE_CHANGED+android.intent.action.PACKAGE_INSTALL+android.intent.action.PACKAGE_REPLACED
ADDED from [BirthRegistration:sDMM_SDK:unspecified] AndroidManifest.xml:21:13-28:29
	android:priority
		ADDED from [BirthRegistration:sDMM_SDK:unspecified] AndroidManifest.xml:21:28-51
action#android.intent.action.PACKAGE_REPLACED
ADDED from [BirthRegistration:sDMM_SDK:unspecified] AndroidManifest.xml:22:17-81
	android:name
		ADDED from [BirthRegistration:sDMM_SDK:unspecified] AndroidManifest.xml:22:25-78
action#android.intent.action.PACKAGE_INSTALL
ADDED from [BirthRegistration:sDMM_SDK:unspecified] AndroidManifest.xml:23:17-80
	android:name
		ADDED from [BirthRegistration:sDMM_SDK:unspecified] AndroidManifest.xml:23:25-77
action#android.intent.action.PACKAGE_ADDED
ADDED from [BirthRegistration:sDMM_SDK:unspecified] AndroidManifest.xml:24:17-78
	android:name
		ADDED from [BirthRegistration:sDMM_SDK:unspecified] AndroidManifest.xml:24:25-75
action#android.intent.action.PACKAGE_CHANGED
ADDED from [BirthRegistration:sDMM_SDK:unspecified] AndroidManifest.xml:25:17-80
	android:name
		ADDED from [BirthRegistration:sDMM_SDK:unspecified] AndroidManifest.xml:25:25-77
data
ADDED from [BirthRegistration:sDMM_SDK:unspecified] AndroidManifest.xml:27:17-50
	android:scheme
		ADDED from [BirthRegistration:sDMM_SDK:unspecified] AndroidManifest.xml:27:23-47